<?xml version="1.0" encoding="UTF-8"?>
<!-- Generated by org.testng.reporters.JUnitXMLReporter -->
<testsuite ignored="0" hostname="SK" failures="0" tests="3" name="Default test" time="12.502" errors="0" timestamp="2025-08-14T12:05:16 IST">
  <testcase classname="SKAutomation.Tests.StandAloneTest" name="TestCases" time="2.879"/>
  <testcase classname="SKAutomation.Tests.StandAloneTest" name="TestCases" time="2.817"/>
  <testcase classname="SKAutomation.Tests.StandAloneTest" name="OrderHistoryTest" time="0.747"/>
</testsuite> <!-- Default test -->
