<?xml version="1.0" encoding="UTF-8"?>
<!-- Generated by org.testng.reporters.JUnitXMLReporter -->
<testsuite ignored="0" hostname="SK" failures="0" tests="3" name="ProductCatalogueTest" time="25.961" errors="0" timestamp="2025-08-21T12:07:37 IST">
  <testcase classname="SKAutomation.Tests.StandAloneTest" name="TestCases" time="15.362"/>
  <testcase classname="SKAutomation.Tests.StandAloneTest" name="TestCases" time="2.912"/>
  <testcase classname="SKAutomation.Tests.StandAloneTest" name="OrderHistoryTest" time="0.774"/>
</testsuite> <!-- ProductCatalogueTest -->
